生成启动时间为 2014/5/3 13:46:04。
     1>项目“C:\Users\Administrator\Desktop\myProj\c3dEngine2_oschina\c3dEngine2\c3dEngine\proj.win32\c3dEngine\c3dEngine\c3dEngine.vcxproj”在节点 2 上(build 个目标)。
     1>PrepareForBuild:
         正在创建目录“C:\Users\Administrator\Desktop\myProj\c3dEngine2_oschina\c3dEngine2\demos\allDemos\proj.win32\Debug\”。
       InitializeBuildStatus:
         正在创建“Debug\c3dEngine.unsuccessfulbuild”，因为已指定“AlwaysCreate”。
       ClCompile:
         所有输出均为最新。
       PreLinkEvent:
         if not exist "C:\Users\Administrator\Desktop\myProj\c3dEngine2_oschina\c3dEngine2\demos\allDemos\proj.win32\Debug\" mkdir "C:\Users\Administrator\Desktop\myProj\c3dEngine2_oschina\c3dEngine2\demos\allDemos\proj.win32\Debug\"
         xcopy /Y /Q "C:\Users\Administrator\Desktop\myProj\c3dEngine2_oschina\c3dEngine2\c3dEngine\proj.win32\c3dEngine\c3dEngine\..\..\..\c3dEngine\platform\win32\libraries\*.*" "C:\Users\Administrator\Desktop\myProj\c3dEngine2_oschina\c3dEngine2\demos\allDemos\proj.win32\Debug\"
           
         if not exist "C:\Users\Administrator\Desktop\myProj\c3dEngine2_oschina\c3dEngine2\demos\allDemos\proj.win32\Debug\" mkdir "C:\Users\Administrator\Desktop\myProj\c3dEngine2_oschina\c3dEngine2\demos\allDemos\proj.win32\Debug\"
         xcopy /Y /Q "C:\Users\Administrator\Desktop\myProj\c3dEngine2_oschina\c3dEngine2\c3dEngine\proj.win32\c3dEngine\c3dEngine\..\..\..\thirdPart\bullet\bullet-2.82-r2704\lib_win32\debug\*.*" "C:\Users\Administrator\Desktop\myProj\c3dEngine2_oschina\c3dEngine2\demos\allDemos\proj.win32\Debug\"
           
         if not exist "C:\Users\Administrator\Desktop\myProj\c3dEngine2_oschina\c3dEngine2\demos\allDemos\proj.win32\Debug\" mkdir "C:\Users\Administrator\Desktop\myProj\c3dEngine2_oschina\c3dEngine2\demos\allDemos\proj.win32\Debug\"
         xcopy /Y /Q "C:\Users\Administrator\Desktop\myProj\c3dEngine2_oschina\c3dEngine2\c3dEngine\proj.win32\c3dEngine\c3dEngine\..\..\..\thirdPart\FBX\FBX_win32\FbxSdk\2014.2.1\lib\vs2010\x86\debug\*.*" "C:\Users\Administrator\Desktop\myProj\c3dEngine2_oschina\c3dEngine2\demos\allDemos\proj.win32\Debug\"
         
         
         :VCEnd
         复制了 24 个文件
         复制了 3 个文件
         复制了 1 个文件
       Lib:
         D:\Program Files\Microsoft Visual Studio 10.0\VC\bin\Lib.exe /OUT:"C:\Users\Administrator\Desktop\myProj\c3dEngine2_oschina\c3dEngine2\demos\allDemos\proj.win32\Debug\c3dEngine.lib" BulletCollision_vs2010_debug.lib BulletDynamics_vs2010_debug.lib LinearMath_vs2010_debug.lib "libfbxsdk-mt.lib" wininet.lib opengl32.lib glu32.lib glew32.lib odbc32.lib odbccp32.lib openal32.lib alut.lib libzlib.lib libpng.lib /LIBPATH:C:\Users\Administrator\Desktop\myProj\c3dEngine2_oschina\c3dEngine2\c3dEngine\proj.win32\c3dEngine\c3dEngine\..\..\..\c3dEngine\platform\win32\libraries /LIBPATH:"C:\Users\Administrator\Desktop\myProj\c3dEngine2_oschina\c3dEngine2\c3dEngine\proj.win32\c3dEngine\c3dEngine\..\..\..\thirdPart\bullet\bullet-2.82-r2704\lib_win32\debug" /LIBPATH:C:\Users\Administrator\Desktop\myProj\c3dEngine2_oschina\c3dEngine2\c3dEngine\proj.win32\c3dEngine\c3dEngine\..\..\..\thirdPart\FBX\FBX_win32\FbxSdk\2014.2.1\lib\vs2010\x86\debug /NOLOGO Debug\c3dCommonFunc.obj
         Debug\c3dPathFunc.obj
         Debug\c3dActor.obj
         Debug\c3dALBuffer.obj
         Debug\c3dALdebug.obj
         Debug\c3dALSource.obj
         Debug\c3dAppState.obj
         Debug\c3dAssert.obj
         Debug\c3dAudioCache.obj
         Debug\c3dAutoreleasePool.obj
         Debug\c3dCamera.obj
         Debug\c3dDefine.obj
         Debug\c3dDeviceAndOSInfo.obj
         Debug\c3dDocuments.obj
         Debug\c3dFbo.obj
         Debug\c3dFileUtils.obj
         Debug\c3dGeoMath.obj
         Debug\c3dGestureAnalyzer.obj
         Debug\c3dGLdebug.obj
         Debug\c3dGLMath.obj
         Debug\c3dGlobalTimer.obj
         Debug\c3dIDline.obj
         Debug\c3dIDtriangle.obj
         Debug\c3dIndexVBO.obj
         Debug\c3dInitGame.obj
         Debug\c3dLight.obj
         Debug\c3dLog.obj
         Debug\c3dMaterial.obj
         Debug\c3dMath.obj
         Debug\c3dMatrix.obj
         Debug\c3dMesh.obj
         Debug\c3dMeshData.obj
         Debug\c3dModel.obj
         Debug\c3dModelMatStack.obj
         Debug\c3dNode.obj
         Debug\c3dObject.obj
         Debug\c3dPlane.obj
         Debug\c3dProgram.obj
         Debug\c3dProgramCache.obj
         Debug\c3dRange.obj
         Debug\c3dRect.obj
         Debug\c3dSceneManger.obj
         Debug\c3dSpan.obj
         Debug\c3dSubMesh.obj
         Debug\c3dTexture.obj
         Debug\c3dTextureCache.obj
         Debug\c3dTouchSequence.obj
         Debug\c3dTransform.obj
         Debug\c3dVector.obj
         Debug\c3dVertex.obj
         Debug\mainWindowFuncs.obj
         Debug\mainWindowGlobal.obj
         Debug\c3dALPlatformDepend.obj
         Debug\c3dDeviceAndOSInfoPlatformDepend.obj
         Debug\c3dDocumentsPlatformDepend.obj
         Debug\c3dGLPlatformDepend.obj
         Debug\c3dImage.obj
         Debug\c3dPathPlatformDepend.obj
         Debug\c3dProgramPlatformDepend.obj
         Debug\c3dTexturePlatformDepend.obj
         Debug\c3dPassUnifoCallBack.obj
         Debug\c3dProgramSetUp.obj
         Debug\c3dFbxLoader.obj
         Debug\c3dFbxOneLoad.obj
         Debug\c3dSkinActor.obj
         Debug\geoMath.obj
         Debug\octree.obj
         Debug\triangleWithNorm.obj
         Debug\terrain.obj
         Debug\board.obj
         Debug\button.obj
     1>BulletCollision_vs2010_debug.lib(btBroadphaseProxy.obj) : warning LNK4221: 此对象文件未定义任何之前未定义的公共符号，因此任何耗用此库的链接操作都不会使用此文件
     1>opengl32.lib(OPENGL32.dll) : warning LNK4006: __NULL_IMPORT_DESCRIPTOR 已在 wininet.lib(WININET.dll) 中定义；已忽略第二个定义
     1>opengl32.lib(OPENGL32.dll) : warning LNK4221: 此对象文件未定义任何之前未定义的公共符号，因此任何耗用此库的链接操作都不会使用此文件
     1>glu32.lib(GLU32.dll) : warning LNK4006: __NULL_IMPORT_DESCRIPTOR 已在 wininet.lib(WININET.dll) 中定义；已忽略第二个定义
     1>glu32.lib(GLU32.dll) : warning LNK4221: 此对象文件未定义任何之前未定义的公共符号，因此任何耗用此库的链接操作都不会使用此文件
     1>glew32.lib(glew32.dll) : warning LNK4006: __NULL_IMPORT_DESCRIPTOR 已在 wininet.lib(WININET.dll) 中定义；已忽略第二个定义
     1>glew32.lib(glew32.dll) : warning LNK4221: 此对象文件未定义任何之前未定义的公共符号，因此任何耗用此库的链接操作都不会使用此文件
     1>odbc32.lib(ODBC32.dll) : warning LNK4006: __NULL_IMPORT_DESCRIPTOR 已在 wininet.lib(WININET.dll) 中定义；已忽略第二个定义
     1>odbc32.lib(ODBC32.dll) : warning LNK4221: 此对象文件未定义任何之前未定义的公共符号，因此任何耗用此库的链接操作都不会使用此文件
     1>openal32.lib(OpenAL32.dll) : warning LNK4006: __NULL_IMPORT_DESCRIPTOR 已在 wininet.lib(WININET.dll) 中定义；已忽略第二个定义
     1>openal32.lib(OpenAL32.dll) : warning LNK4221: 此对象文件未定义任何之前未定义的公共符号，因此任何耗用此库的链接操作都不会使用此文件
     1>alut.lib(alut.dll) : warning LNK4006: __NULL_IMPORT_DESCRIPTOR 已在 wininet.lib(WININET.dll) 中定义；已忽略第二个定义
     1>alut.lib(alut.dll) : warning LNK4221: 此对象文件未定义任何之前未定义的公共符号，因此任何耗用此库的链接操作都不会使用此文件
     1>libzlib.lib(zlib1.dll) : warning LNK4006: __NULL_IMPORT_DESCRIPTOR 已在 wininet.lib(WININET.dll) 中定义；已忽略第二个定义
     1>libzlib.lib(zlib1.dll) : warning LNK4221: 此对象文件未定义任何之前未定义的公共符号，因此任何耗用此库的链接操作都不会使用此文件
     1>triangleWithNorm.obj : warning LNK4221: 此对象文件未定义任何之前未定义的公共符号，因此任何耗用此库的链接操作都不会使用此文件
     1>geoMath.obj : warning LNK4221: 此对象文件未定义任何之前未定义的公共符号，因此任何耗用此库的链接操作都不会使用此文件
     1>c3dVertex.obj : warning LNK4221: 此对象文件未定义任何之前未定义的公共符号，因此任何耗用此库的链接操作都不会使用此文件
     1>c3dSpan.obj : warning LNK4221: 此对象文件未定义任何之前未定义的公共符号，因此任何耗用此库的链接操作都不会使用此文件
     1>c3dRect.obj : warning LNK4221: 此对象文件未定义任何之前未定义的公共符号，因此任何耗用此库的链接操作都不会使用此文件
     1>c3dRange.obj : warning LNK4221: 此对象文件未定义任何之前未定义的公共符号，因此任何耗用此库的链接操作都不会使用此文件
     1>c3dPlane.obj : warning LNK4221: 此对象文件未定义任何之前未定义的公共符号，因此任何耗用此库的链接操作都不会使用此文件
     1>c3dMaterial.obj : warning LNK4221: 此对象文件未定义任何之前未定义的公共符号，因此任何耗用此库的链接操作都不会使用此文件
     1>c3dLight.obj : warning LNK4221: 此对象文件未定义任何之前未定义的公共符号，因此任何耗用此库的链接操作都不会使用此文件
     1>c3dIndexVBO.obj : warning LNK4221: 此对象文件未定义任何之前未定义的公共符号，因此任何耗用此库的链接操作都不会使用此文件
     1>c3dIDtriangle.obj : warning LNK4221: 此对象文件未定义任何之前未定义的公共符号，因此任何耗用此库的链接操作都不会使用此文件
     1>c3dIDline.obj : warning LNK4221: 此对象文件未定义任何之前未定义的公共符号，因此任何耗用此库的链接操作都不会使用此文件
     1>c3dGLdebug.obj : warning LNK4221: 此对象文件未定义任何之前未定义的公共符号，因此任何耗用此库的链接操作都不会使用此文件
     1>c3dDefine.obj : warning LNK4221: 此对象文件未定义任何之前未定义的公共符号，因此任何耗用此库的链接操作都不会使用此文件
         c3dEngine.vcxproj -> C:\Users\Administrator\Desktop\myProj\c3dEngine2_oschina\c3dEngine2\demos\allDemos\proj.win32\Debug\c3dEngine.lib
       FinalizeBuildStatus:
         正在删除文件“Debug\c3dEngine.unsuccessfulbuild”。
         正在对“Debug\c3dEngine.lastbuildstate”执行 Touch 任务。
     1>已完成生成项目“C:\Users\Administrator\Desktop\myProj\c3dEngine2_oschina\c3dEngine2\c3dEngine\proj.win32\c3dEngine\c3dEngine\c3dEngine.vcxproj”(build 个目标)的操作。

生成成功。

已用时间 00:00:14.50
